# JRE version: OpenJDK Runtime Environment (17.0.16+8) (build 17.0.16+8-Ubuntu-0ubuntu122.04.1)
# Java VM: OpenJDK 64-Bit Server VM (17.0.16+8-Ubuntu-0ubuntu122.04.1, mixed mode, sharing, tiered, compressed oops, compressed class ptrs, g1 gc, linux-amd64)
GC Precious Log:
 CPUs: 4 total, 4 available
 Memory: 15869M
 Large Page Support: Disabled
 NUMA Support: Disabled
 Compressed Oops: Enabled (Zero based)
 Heap Region Size: 2M
 Heap Min Capacity: 8M
 Heap Initial Capacity: 248M
 Heap Max Capacity: 3968M
 Pre-touch: Disabled
 Parallel Workers: 4
 Concurrent Workers: 1
 Concurrent Refinement Workers: 4
 Periodic GC: Disabled
Heap:
 garbage-first heap   total 258048K, used 49314K [0x0000000708000000, 0x0000000800000000)
  region size 2048K, 21 young (43008K), 2 survivors (4096K)
 Metaspace       used 20175K, committed 20480K, reserved 1114112K
  class space    used 2971K, committed 3136K, reserved 1048576K
GC Heap History (6 events):
Event: 0.301 GC heap before
{Heap before GC invocations=0 (full 0):
 garbage-first heap   total 258048K, used 12212K [0x0000000708000000, 0x0000000800000000)
  region size 2048K, 6 young (12288K), 0 survivors (0K)
 Metaspace       used 2700K, committed 2816K, reserved 1114112K
  class space    used 291K, committed 320K, reserved 1048576K
}
Event: 0.305 GC heap after
{Heap after GC invocations=1 (full 0):
 garbage-first heap   total 258048K, used 3982K [0x0000000708000000, 0x0000000800000000)
  region size 2048K, 1 young (2048K), 1 survivors (2048K)
 Metaspace       used 2700K, committed 2816K, reserved 1114112K
  class space    used 291K, committed 320K, reserved 1048576K
}
Event: 0.886 GC heap before
{Heap before GC invocations=1 (full 0):
 garbage-first heap   total 258048K, used 28558K [0x0000000708000000, 0x0000000800000000)
  region size 2048K, 13 young (26624K), 1 survivors (2048K)
 Metaspace       used 9739K, committed 9984K, reserved 1114112K
  class space    used 1341K, committed 1472K, reserved 1048576K
}
Event: 0.895 GC heap after
{Heap after GC invocations=2 (full 0):
 garbage-first heap   total 258048K, used 8165K [0x0000000708000000, 0x0000000800000000)
  region size 2048K, 2 young (4096K), 2 survivors (4096K)
 Metaspace       used 9739K, committed 9984K, reserved 1114112K
  class space    used 1341K, committed 1472K, reserved 1048576K
}
Event: 9.099 GC heap before
{Heap before GC invocations=2 (full 0):
 garbage-first heap   total 258048K, used 36837K [0x0000000708000000, 0x0000000800000000)
  region size 2048K, 15 young (30720K), 2 survivors (4096K)
 Metaspace       used 16740K, committed 17024K, reserved 1114112K
  class space    used 2446K, committed 2624K, reserved 1048576K
}
Event: 9.109 GC heap after
{Heap after GC invocations=3 (full 0):
 garbage-first heap   total 258048K, used 12450K [0x0000000708000000, 0x0000000800000000)
  region size 2048K, 2 young (4096K), 2 survivors (4096K)
 Metaspace       used 16740K, committed 17024K, reserved 1114112K
  class space    used 2446K, committed 2624K, reserved 1048576K
}

